<?xml version="1.0" encoding="UTF-8"?>
<!-- Generated by org.testng.reporters.JUnitXMLReporter -->
<testsuite ignored="0" hostname="Abhijith" failures="1" tests="1" name="Test" time="8.816" errors="0" timestamp="2025-03-30T11:19:32 IST">
  <testcase classname="books.TC_DWS_001_Test" name="clickOnBooks" time="1.103">
    <failure type="java.lang.AssertionError" message="books page is not displayed expected [Demo Web Shop.] but found [Demo Web Shop. Books]">
      <![CDATA[java.lang.AssertionError: books page is not displayed expected [Demo Web Shop.] but found [Demo Web Shop. Books]
at books.TC_DWS_001_Test.clickOnBooks(TC_DWS_001_Test.java:25)
at java.base/java.util.ArrayList.forEach(ArrayList.java:1596)
... Removed 30 stack frames]]>
    </failure>
  </testcase> <!-- clickOnBooks -->
</testsuite> <!-- Test -->
